<?xml version="1.0" encoding="UTF-8" ?>
<testsuite failures="0" time="0.052" errors="0" skipped="0" tests="1" name="com.tsl.example.cars.model.CarTest">
  <properties>
    <property name="java.runtime.name" value="Java(TM) SE Runtime Environment"/>
    <property name="sun.boot.library.path" value="/home/lemano/Downloads/jdk1.6.0_26/jre/lib/i386"/>
    <property name="java.vm.version" value="20.1-b02"/>
    <property name="java.vm.vendor" value="Sun Microsystems Inc."/>
    <property name="java.vendor.url" value="http://java.sun.com/"/>
    <property name="path.separator" value=":"/>
    <property name="java.vm.name" value="Java HotSpot(TM) Server VM"/>
    <property name="file.encoding.pkg" value="sun.io"/>
    <property name="user.country" value="PH"/>
    <property name="sun.java.launcher" value="SUN_STANDARD"/>
    <property name="sun.os.patch.level" value="unknown"/>
    <property name="java.vm.specification.name" value="Java Virtual Machine Specification"/>
    <property name="user.dir" value="/home/lemano/webapp-selenium/blog"/>
    <property name="java.runtime.version" value="1.6.0_26-b03"/>
    <property name="java.awt.graphicsenv" value="sun.awt.X11GraphicsEnvironment"/>
    <property name="basedir" value="/home/lemano/webapp-selenium/blog"/>
    <property name="java.endorsed.dirs" value="/home/lemano/Downloads/jdk1.6.0_26/jre/lib/endorsed"/>
    <property name="os.arch" value="i386"/>
    <property name="surefire.real.class.path" value="/home/lemano/webapp-selenium/blog/target/surefire/surefirebooter5359237322296518760.jar"/>
    <property name="java.io.tmpdir" value="/tmp"/>
    <property name="line.separator" value="
"/>
    <property name="java.vm.specification.vendor" value="Sun Microsystems Inc."/>
    <property name="os.name" value="Linux"/>
    <property name="sun.jnu.encoding" value="UTF-8"/>
    <property name="java.library.path" value="/home/lemano/Downloads/jdk1.6.0_26/jre/lib/i386/server:/home/lemano/Downloads/jdk1.6.0_26/jre/lib/i386:/home/lemano/Downloads/jdk1.6.0_26/jre/../lib/i386:/usr/java/packages/lib/i386:/lib:/usr/lib"/>
    <property name="surefire.test.class.path" value="/home/lemano/webapp-selenium/blog/target/test-classes:/home/lemano/webapp-selenium/blog/target/classes:/home/lemano/.m2/repository/junit/junit/3.8.1/junit-3.8.1.jar:/home/lemano/.m2/repository/org/springframework/spring-webmvc/2.5.5/spring-webmvc-2.5.5.jar:/home/lemano/.m2/repository/commons-logging/commons-logging/1.1.1/commons-logging-1.1.1.jar:/home/lemano/.m2/repository/org/springframework/spring-beans/2.5.5/spring-beans-2.5.5.jar:/home/lemano/.m2/repository/org/springframework/spring-context/2.5.5/spring-context-2.5.5.jar:/home/lemano/.m2/repository/aopalliance/aopalliance/1.0/aopalliance-1.0.jar:/home/lemano/.m2/repository/org/springframework/spring-context-support/2.5.5/spring-context-support-2.5.5.jar:/home/lemano/.m2/repository/org/springframework/spring-core/2.5.5/spring-core-2.5.5.jar:/home/lemano/.m2/repository/org/springframework/spring-web/2.5.5/spring-web-2.5.5.jar:/home/lemano/.m2/repository/javax/servlet/servlet-api/2.5/servlet-api-2.5.jar:/home/lemano/.m2/repository/javax/servlet/jsp-api/2.0/jsp-api-2.0.jar:/home/lemano/.m2/repository/javax/servlet/jstl/1.1.2/jstl-1.1.2.jar:/home/lemano/.m2/repository/taglibs/standard/1.1.2/standard-1.1.2.jar:/home/lemano/.m2/repository/displaytag/displaytag/1.1.1/displaytag-1.1.1.jar:/home/lemano/.m2/repository/commons-collections/commons-collections/3.1/commons-collections-3.1.jar:/home/lemano/.m2/repository/commons-lang/commons-lang/2.3/commons-lang-2.3.jar:/home/lemano/.m2/repository/com/lowagie/itext/1.3/itext-1.3.jar:/home/lemano/.m2/repository/commons-beanutils/commons-beanutils/1.7.0/commons-beanutils-1.7.0.jar:/home/lemano/.m2/repository/org/slf4j/jcl104-over-slf4j/1.4.2/jcl104-over-slf4j-1.4.2.jar:/home/lemano/.m2/repository/org/slf4j/slf4j-log4j12/1.4.2/slf4j-log4j12-1.4.2.jar:/home/lemano/.m2/repository/org/slf4j/slf4j-api/1.4.2/slf4j-api-1.4.2.jar:/home/lemano/.m2/repository/log4j/log4j/1.2.13/log4j-1.2.13.jar:/home/lemano/.m2/repository/org/openqa/selenium/client-drivers/selenium-java-client-driver/1.0-beta-1/selenium-java-client-driver-1.0-beta-1.jar:/home/lemano/.m2/repository/org/openqa/selenium/core/selenium-core/1.0-beta-1/selenium-core-1.0-beta-1.jar:/home/lemano/.m2/repository/org/openqa/selenium/server/selenium-server/1.0-beta-1/selenium-server-1.0-beta-1-standalone.jar:/home/lemano/.m2/repository/org/seleniumhq/webdriver/webdriver-firefox/0.9.7376/webdriver-firefox-0.9.7376.jar:/home/lemano/.m2/repository/org/seleniumhq/webdriver/webdriver-common/0.9.7376/webdriver-common-0.9.7376.jar:/home/lemano/.m2/repository/org/json/json/20080701/json-20080701.jar:/home/lemano/.m2/repository/org/seleniumhq/selenium/selenium-firefox-driver/2.15.0/selenium-firefox-driver-2.15.0.jar:/home/lemano/.m2/repository/org/seleniumhq/selenium/selenium-remote-driver/2.15.0/selenium-remote-driver-2.15.0.jar:/home/lemano/.m2/repository/cglib/cglib-nodep/2.1_3/cglib-nodep-2.1_3.jar:/home/lemano/.m2/repository/org/seleniumhq/selenium/selenium-api/2.15.0/selenium-api-2.15.0.jar:/home/lemano/.m2/repository/org/apache/httpcomponents/httpclient/4.1.2/httpclient-4.1.2.jar:/home/lemano/.m2/repository/org/apache/httpcomponents/httpcore/4.1.2/httpcore-4.1.2.jar:/home/lemano/.m2/repository/com/google/guava/guava/10.0.1/guava-10.0.1.jar:/home/lemano/.m2/repository/com/google/code/findbugs/jsr305/1.3.9/jsr305-1.3.9.jar:/home/lemano/.m2/repository/commons-io/commons-io/2.0.1/commons-io-2.0.1.jar:/home/lemano/.m2/repository/org/apache/commons/commons-exec/1.1/commons-exec-1.1.jar:/home/lemano/.m2/repository/org/seleniumhq/selenium/selenium-server/2.15.0/selenium-server-2.15.0.jar:/home/lemano/.m2/repository/bouncycastle/bcprov-jdk15/135/bcprov-jdk15-135.jar:/home/lemano/.m2/repository/mx4j/mx4j-tools/3.0.1/mx4j-tools-3.0.1.jar:/home/lemano/.m2/repository/org/mortbay/jetty/servlet-api-2.5/6.1.9/servlet-api-2.5-6.1.9.jar:/home/lemano/.m2/repository/net/jcip/jcip-annotations/1.0/jcip-annotations-1.0.jar:/home/lemano/.m2/repository/org/seleniumhq/selenium/selenium-java/2.15.0/selenium-java-2.15.0.jar:/home/lemano/.m2/repository/org/seleniumhq/selenium/selenium-android-driver/2.15.0/selenium-android-driver-2.15.0.jar:/home/lemano/.m2/repository/org/seleniumhq/selenium/selenium-chrome-driver/2.15.0/selenium-chrome-driver-2.15.0.jar:/home/lemano/.m2/repository/org/seleniumhq/selenium/selenium-htmlunit-driver/2.15.0/selenium-htmlunit-driver-2.15.0.jar:/home/lemano/.m2/repository/net/sourceforge/htmlunit/htmlunit/2.9/htmlunit-2.9.jar:/home/lemano/.m2/repository/xalan/xalan/2.7.1/xalan-2.7.1.jar:/home/lemano/.m2/repository/xalan/serializer/2.7.1/serializer-2.7.1.jar:/home/lemano/.m2/repository/org/apache/httpcomponents/httpmime/4.1.2/httpmime-4.1.2.jar:/home/lemano/.m2/repository/net/sourceforge/htmlunit/htmlunit-core-js/2.9/htmlunit-core-js-2.9.jar:/home/lemano/.m2/repository/xerces/xercesImpl/2.9.1/xercesImpl-2.9.1.jar:/home/lemano/.m2/repository/xml-apis/xml-apis/1.3.04/xml-apis-1.3.04.jar:/home/lemano/.m2/repository/net/sourceforge/nekohtml/nekohtml/1.9.15/nekohtml-1.9.15.jar:/home/lemano/.m2/repository/net/sourceforge/cssparser/cssparser/0.9.5/cssparser-0.9.5.jar:/home/lemano/.m2/repository/org/w3c/css/sac/1.3/sac-1.3.jar:/home/lemano/.m2/repository/org/seleniumhq/selenium/selenium-ie-driver/2.15.0/selenium-ie-driver-2.15.0.jar:/home/lemano/.m2/repository/net/java/dev/jna/jna/3.3.0/jna-3.3.0.jar:/home/lemano/.m2/repository/org/seleniumhq/selenium/selenium-iphone-driver/2.15.0/selenium-iphone-driver-2.15.0.jar:/home/lemano/.m2/repository/org/seleniumhq/selenium/selenium-support/2.15.0/selenium-support-2.15.0.jar:/home/lemano/.m2/repository/org/yaml/snakeyaml/1.8/snakeyaml-1.8.jar:/home/lemano/.m2/repository/commons-codec/commons-codec/1.4/commons-codec-1.4.jar:/home/lemano/.m2/repository/org/openqa/selenium/server/selenium-server/1.0-beta-1/selenium-server-1.0-beta-1.jar:/home/lemano/.m2/repository/org/openqa/selenium/server/selenium-server-coreless/1.0-beta-1/selenium-server-coreless-1.0-beta-1.jar:/home/lemano/.m2/repository/ant/ant/1.6.5/ant-1.6.5.jar:/home/lemano/.m2/repository/jetty/org.mortbay.jetty/5.1.10/org.mortbay.jetty-5.1.10.jar:"/>
    <property name="java.specification.name" value="Java Platform API Specification"/>
    <property name="java.class.version" value="50.0"/>
    <property name="sun.management.compiler" value="HotSpot Tiered Compilers"/>
    <property name="os.version" value="2.6.32-21-generic"/>
    <property name="user.home" value="/home/lemano"/>
    <property name="user.timezone" value=""/>
    <property name="java.awt.printerjob" value="sun.print.PSPrinterJob"/>
    <property name="file.encoding" value="UTF-8"/>
    <property name="java.specification.version" value="1.6"/>
    <property name="user.name" value="lemano"/>
    <property name="java.class.path" value="/home/lemano/webapp-selenium/blog/target/test-classes:/home/lemano/webapp-selenium/blog/target/classes:/home/lemano/.m2/repository/junit/junit/3.8.1/junit-3.8.1.jar:/home/lemano/.m2/repository/org/springframework/spring-webmvc/2.5.5/spring-webmvc-2.5.5.jar:/home/lemano/.m2/repository/commons-logging/commons-logging/1.1.1/commons-logging-1.1.1.jar:/home/lemano/.m2/repository/org/springframework/spring-beans/2.5.5/spring-beans-2.5.5.jar:/home/lemano/.m2/repository/org/springframework/spring-context/2.5.5/spring-context-2.5.5.jar:/home/lemano/.m2/repository/aopalliance/aopalliance/1.0/aopalliance-1.0.jar:/home/lemano/.m2/repository/org/springframework/spring-context-support/2.5.5/spring-context-support-2.5.5.jar:/home/lemano/.m2/repository/org/springframework/spring-core/2.5.5/spring-core-2.5.5.jar:/home/lemano/.m2/repository/org/springframework/spring-web/2.5.5/spring-web-2.5.5.jar:/home/lemano/.m2/repository/javax/servlet/servlet-api/2.5/servlet-api-2.5.jar:/home/lemano/.m2/repository/javax/servlet/jsp-api/2.0/jsp-api-2.0.jar:/home/lemano/.m2/repository/javax/servlet/jstl/1.1.2/jstl-1.1.2.jar:/home/lemano/.m2/repository/taglibs/standard/1.1.2/standard-1.1.2.jar:/home/lemano/.m2/repository/displaytag/displaytag/1.1.1/displaytag-1.1.1.jar:/home/lemano/.m2/repository/commons-collections/commons-collections/3.1/commons-collections-3.1.jar:/home/lemano/.m2/repository/commons-lang/commons-lang/2.3/commons-lang-2.3.jar:/home/lemano/.m2/repository/com/lowagie/itext/1.3/itext-1.3.jar:/home/lemano/.m2/repository/commons-beanutils/commons-beanutils/1.7.0/commons-beanutils-1.7.0.jar:/home/lemano/.m2/repository/org/slf4j/jcl104-over-slf4j/1.4.2/jcl104-over-slf4j-1.4.2.jar:/home/lemano/.m2/repository/org/slf4j/slf4j-log4j12/1.4.2/slf4j-log4j12-1.4.2.jar:/home/lemano/.m2/repository/org/slf4j/slf4j-api/1.4.2/slf4j-api-1.4.2.jar:/home/lemano/.m2/repository/log4j/log4j/1.2.13/log4j-1.2.13.jar:/home/lemano/.m2/repository/org/openqa/selenium/client-drivers/selenium-java-client-driver/1.0-beta-1/selenium-java-client-driver-1.0-beta-1.jar:/home/lemano/.m2/repository/org/openqa/selenium/core/selenium-core/1.0-beta-1/selenium-core-1.0-beta-1.jar:/home/lemano/.m2/repository/org/openqa/selenium/server/selenium-server/1.0-beta-1/selenium-server-1.0-beta-1-standalone.jar:/home/lemano/.m2/repository/org/seleniumhq/webdriver/webdriver-firefox/0.9.7376/webdriver-firefox-0.9.7376.jar:/home/lemano/.m2/repository/org/seleniumhq/webdriver/webdriver-common/0.9.7376/webdriver-common-0.9.7376.jar:/home/lemano/.m2/repository/org/json/json/20080701/json-20080701.jar:/home/lemano/.m2/repository/org/seleniumhq/selenium/selenium-firefox-driver/2.15.0/selenium-firefox-driver-2.15.0.jar:/home/lemano/.m2/repository/org/seleniumhq/selenium/selenium-remote-driver/2.15.0/selenium-remote-driver-2.15.0.jar:/home/lemano/.m2/repository/cglib/cglib-nodep/2.1_3/cglib-nodep-2.1_3.jar:/home/lemano/.m2/repository/org/seleniumhq/selenium/selenium-api/2.15.0/selenium-api-2.15.0.jar:/home/lemano/.m2/repository/org/apache/httpcomponents/httpclient/4.1.2/httpclient-4.1.2.jar:/home/lemano/.m2/repository/org/apache/httpcomponents/httpcore/4.1.2/httpcore-4.1.2.jar:/home/lemano/.m2/repository/com/google/guava/guava/10.0.1/guava-10.0.1.jar:/home/lemano/.m2/repository/com/google/code/findbugs/jsr305/1.3.9/jsr305-1.3.9.jar:/home/lemano/.m2/repository/commons-io/commons-io/2.0.1/commons-io-2.0.1.jar:/home/lemano/.m2/repository/org/apache/commons/commons-exec/1.1/commons-exec-1.1.jar:/home/lemano/.m2/repository/org/seleniumhq/selenium/selenium-server/2.15.0/selenium-server-2.15.0.jar:/home/lemano/.m2/repository/bouncycastle/bcprov-jdk15/135/bcprov-jdk15-135.jar:/home/lemano/.m2/repository/mx4j/mx4j-tools/3.0.1/mx4j-tools-3.0.1.jar:/home/lemano/.m2/repository/org/mortbay/jetty/servlet-api-2.5/6.1.9/servlet-api-2.5-6.1.9.jar:/home/lemano/.m2/repository/net/jcip/jcip-annotations/1.0/jcip-annotations-1.0.jar:/home/lemano/.m2/repository/org/seleniumhq/selenium/selenium-java/2.15.0/selenium-java-2.15.0.jar:/home/lemano/.m2/repository/org/seleniumhq/selenium/selenium-android-driver/2.15.0/selenium-android-driver-2.15.0.jar:/home/lemano/.m2/repository/org/seleniumhq/selenium/selenium-chrome-driver/2.15.0/selenium-chrome-driver-2.15.0.jar:/home/lemano/.m2/repository/org/seleniumhq/selenium/selenium-htmlunit-driver/2.15.0/selenium-htmlunit-driver-2.15.0.jar:/home/lemano/.m2/repository/net/sourceforge/htmlunit/htmlunit/2.9/htmlunit-2.9.jar:/home/lemano/.m2/repository/xalan/xalan/2.7.1/xalan-2.7.1.jar:/home/lemano/.m2/repository/xalan/serializer/2.7.1/serializer-2.7.1.jar:/home/lemano/.m2/repository/org/apache/httpcomponents/httpmime/4.1.2/httpmime-4.1.2.jar:/home/lemano/.m2/repository/net/sourceforge/htmlunit/htmlunit-core-js/2.9/htmlunit-core-js-2.9.jar:/home/lemano/.m2/repository/xerces/xercesImpl/2.9.1/xercesImpl-2.9.1.jar:/home/lemano/.m2/repository/xml-apis/xml-apis/1.3.04/xml-apis-1.3.04.jar:/home/lemano/.m2/repository/net/sourceforge/nekohtml/nekohtml/1.9.15/nekohtml-1.9.15.jar:/home/lemano/.m2/repository/net/sourceforge/cssparser/cssparser/0.9.5/cssparser-0.9.5.jar:/home/lemano/.m2/repository/org/w3c/css/sac/1.3/sac-1.3.jar:/home/lemano/.m2/repository/org/seleniumhq/selenium/selenium-ie-driver/2.15.0/selenium-ie-driver-2.15.0.jar:/home/lemano/.m2/repository/net/java/dev/jna/jna/3.3.0/jna-3.3.0.jar:/home/lemano/.m2/repository/org/seleniumhq/selenium/selenium-iphone-driver/2.15.0/selenium-iphone-driver-2.15.0.jar:/home/lemano/.m2/repository/org/seleniumhq/selenium/selenium-support/2.15.0/selenium-support-2.15.0.jar:/home/lemano/.m2/repository/org/yaml/snakeyaml/1.8/snakeyaml-1.8.jar:/home/lemano/.m2/repository/commons-codec/commons-codec/1.4/commons-codec-1.4.jar:/home/lemano/.m2/repository/org/openqa/selenium/server/selenium-server/1.0-beta-1/selenium-server-1.0-beta-1.jar:/home/lemano/.m2/repository/org/openqa/selenium/server/selenium-server-coreless/1.0-beta-1/selenium-server-coreless-1.0-beta-1.jar:/home/lemano/.m2/repository/ant/ant/1.6.5/ant-1.6.5.jar:/home/lemano/.m2/repository/jetty/org.mortbay.jetty/5.1.10/org.mortbay.jetty-5.1.10.jar:"/>
    <property name="java.vm.specification.version" value="1.0"/>
    <property name="sun.arch.data.model" value="32"/>
    <property name="java.home" value="/home/lemano/Downloads/jdk1.6.0_26/jre"/>
    <property name="sun.java.command" value="/home/lemano/webapp-selenium/blog/target/surefire/surefirebooter5359237322296518760.jar /home/lemano/webapp-selenium/blog/target/surefire/surefire6536755051466021110tmp /home/lemano/webapp-selenium/blog/target/surefire/surefire2903149351345461081tmp"/>
    <property name="java.specification.vendor" value="Sun Microsystems Inc."/>
    <property name="user.language" value="en"/>
    <property name="java.vm.info" value="mixed mode"/>
    <property name="java.version" value="1.6.0_26"/>
    <property name="java.ext.dirs" value="/home/lemano/Downloads/jdk1.6.0_26/jre/lib/ext:/usr/java/packages/lib/ext"/>
    <property name="sun.boot.class.path" value="/home/lemano/Downloads/jdk1.6.0_26/jre/lib/resources.jar:/home/lemano/Downloads/jdk1.6.0_26/jre/lib/rt.jar:/home/lemano/Downloads/jdk1.6.0_26/jre/lib/sunrsasign.jar:/home/lemano/Downloads/jdk1.6.0_26/jre/lib/jsse.jar:/home/lemano/Downloads/jdk1.6.0_26/jre/lib/jce.jar:/home/lemano/Downloads/jdk1.6.0_26/jre/lib/charsets.jar:/home/lemano/Downloads/jdk1.6.0_26/jre/lib/modules/jdk.boot.jar:/home/lemano/Downloads/jdk1.6.0_26/jre/classes"/>
    <property name="java.vendor" value="Sun Microsystems Inc."/>
    <property name="localRepository" value="/home/lemano/.m2/repository"/>
    <property name="file.separator" value="/"/>
    <property name="java.vendor.url.bug" value="http://java.sun.com/cgi-bin/bugreport.cgi"/>
    <property name="sun.cpu.endian" value="little"/>
    <property name="sun.io.unicode.encoding" value="UnicodeLittle"/>
    <property name="sun.desktop" value="gnome"/>
    <property name="sun.cpu.isalist" value=""/>
  </properties>
  <testcase time="0.009" classname="com.tsl.example.cars.model.CarTest" name="testEquals"/>
</testsuite>